Flow report for lights
Fri Nov 20 13:13:25 2020
Quartus Prime Version 18.1.0 Build 625 09/12/2018 SJ Lite Edition


---------------------
; Table of Contents ;
---------------------
  1. Legal Notice
  2. Flow Summary
  3. Flow Settings
  4. Flow Non-Default Global Settings
  5. Flow Elapsed Time
  6. Flow OS Summary
  7. Flow Log
  8. Flow Messages
  9. Flow Suppressed Messages



----------------
; Legal Notice ;
----------------
Copyright (C) 2018  Intel Corporation. All rights reserved.
Your use of Intel Corporation's design tools, logic functions 
and other software and tools, and its AMPP partner logic 
functions, and any output files from any of the foregoing 
(including device programming or simulation files), and any 
associated documentation or information are expressly subject 
to the terms and conditions of the Intel Program License 
Subscription Agreement, the Intel Quartus Prime License Agreement,
the Intel FPGA IP License Agreement, or other applicable license
agreement, including, without limitation, that your use is for
the sole purpose of programming logic devices manufactured by
Intel and sold by Intel or its authorized distributors.  Please
refer to the applicable agreement for further details.



+-------------------------------------------------------------------------------+
; Flow Summary                                                                  ;
+---------------------------------+---------------------------------------------+
; Flow Status                     ; Successful - Fri Nov 20 13:13:02 2020       ;
; Quartus Prime Version           ; 18.1.0 Build 625 09/12/2018 SJ Lite Edition ;
; Revision Name                   ; lights                                      ;
; Top-level Entity Name           ; component_tutorial                          ;
; Family                          ; Cyclone V                                   ;
; Device                          ; 5CSEMA5F31C6                                ;
; Timing Models                   ; Final                                       ;
; Logic utilization (in ALMs)     ; 883 / 32,070 ( 3 % )                        ;
; Total registers                 ; 1241                                        ;
; Total pins                      ; 44 / 457 ( 10 % )                           ;
; Total virtual pins              ; 0                                           ;
; Total block memory bits         ; 1,035,264 / 4,065,280 ( 25 % )              ;
; Total DSP Blocks                ; 0 / 87 ( 0 % )                              ;
; Total HSSI RX PCSs              ; 0                                           ;
; Total HSSI PMA RX Deserializers ; 0                                           ;
; Total HSSI TX PCSs              ; 0                                           ;
; Total HSSI PMA TX Serializers   ; 0                                           ;
; Total PLLs                      ; 0 / 6 ( 0 % )                               ;
; Total DLLs                      ; 0 / 4 ( 0 % )                               ;
+---------------------------------+---------------------------------------------+


+-----------------------------------------+
; Flow Settings                           ;
+-------------------+---------------------+
; Option            ; Setting             ;
+-------------------+---------------------+
; Start date & time ; 11/20/2020 13:10:21 ;
; Main task         ; Compilation         ;
; Revision Name     ; lights              ;
+-------------------+---------------------+


+-----------------------------------------------------------------------------------------------------------------------------------------------------------+
; Flow Non-Default Global Settings                                                                                                                          ;
+-------------------------------------+-------------------------------------------------------------------+---------------+--------------------+------------+
; Assignment Name                     ; Value                                                             ; Default Value ; Entity Name        ; Section Id ;
+-------------------------------------+-------------------------------------------------------------------+---------------+--------------------+------------+
; COMPILER_SIGNATURE_ID               ; 5025750139787.160587422118140                                     ; --            ; --                 ; --         ;
; MAX_CORE_JUNCTION_TEMP              ; 85                                                                ; --            ; --                 ; --         ;
; MIN_CORE_JUNCTION_TEMP              ; 0                                                                 ; --            ; --                 ; --         ;
; MISC_FILE                           ; embedded_system/synthesis/../embedded_system.cmp                  ; --            ; --                 ; --         ;
; MISC_FILE                           ; embedded_system/synthesis/../../embedded_system.qsys              ; --            ; --                 ; --         ;
; OUTPUT_IO_TIMING_FAR_END_VMEAS      ; Half Signal Swing                                                 ; --            ; --                 ; --         ;
; OUTPUT_IO_TIMING_FAR_END_VMEAS      ; Half Signal Swing                                                 ; --            ; --                 ; --         ;
; OUTPUT_IO_TIMING_NEAR_END_VMEAS     ; Half Vccio                                                        ; --            ; --                 ; --         ;
; OUTPUT_IO_TIMING_NEAR_END_VMEAS     ; Half Vccio                                                        ; --            ; --                 ; --         ;
; PARTITION_COLOR                     ; -- (Not supported for targeted family)                            ; --            ; component_tutorial ; Top        ;
; PARTITION_FITTER_PRESERVATION_LEVEL ; -- (Not supported for targeted family)                            ; --            ; component_tutorial ; Top        ;
; PARTITION_NETLIST_TYPE              ; -- (Not supported for targeted family)                            ; --            ; component_tutorial ; Top        ;
; POWER_BOARD_THERMAL_MODEL           ; None (CONSERVATIVE)                                               ; --            ; --                 ; --         ;
; POWER_PRESET_COOLING_SOLUTION       ; 23 MM HEAT SINK WITH 200 LFPM AIRFLOW                             ; --            ; --                 ; --         ;
; PROJECT_OUTPUT_DIRECTORY            ; output_files                                                      ; --            ; --                 ; --         ;
; SLD_FILE                            ; embedded_system/synthesis/embedded_system.regmap                  ; --            ; --                 ; --         ;
; SLD_FILE                            ; embedded_system/synthesis/embedded_system.debuginfo               ; --            ; --                 ; --         ;
; SLD_INFO                            ; QSYS_NAME embedded_system HAS_SOPCINFO 1 GENERATION_ID 1605874177 ; --            ; embedded_system    ; --         ;
; SOPCINFO_FILE                       ; embedded_system/synthesis/../../embedded_system.sopcinfo          ; --            ; --                 ; --         ;
; SYNTHESIS_ONLY_QIP                  ; On                                                                ; --            ; --                 ; --         ;
; TOP_LEVEL_ENTITY                    ; component_tutorial                                                ; lights        ; --                 ; --         ;
+-------------------------------------+-------------------------------------------------------------------+---------------+--------------------+------------+


+--------------------------------------------------------------------------------------------------------------------------+
; Flow Elapsed Time                                                                                                        ;
+----------------------+--------------+-------------------------+---------------------+------------------------------------+
; Module Name          ; Elapsed Time ; Average Processors Used ; Peak Virtual Memory ; Total CPU Time (on all processors) ;
+----------------------+--------------+-------------------------+---------------------+------------------------------------+
; Analysis & Synthesis ; 00:00:57     ; 1.0                     ; 4984 MB             ; 00:01:28                           ;
; Fitter               ; 00:01:20     ; 1.2                     ; 6708 MB             ; 00:02:53                           ;
; Assembler            ; 00:00:16     ; 1.0                     ; 4876 MB             ; 00:00:15                           ;
; Timing Analyzer      ; 00:00:22     ; 1.5                     ; 5210 MB             ; 00:00:27                           ;
; Total                ; 00:02:55     ; --                      ; --                  ; 00:05:03                           ;
+----------------------+--------------+-------------------------+---------------------+------------------------------------+


+------------------------------------------------------------------------------------+
; Flow OS Summary                                                                    ;
+----------------------+------------------+------------+------------+----------------+
; Module Name          ; Machine Hostname ; OS Name    ; OS Version ; Processor type ;
+----------------------+------------------+------------+------------+----------------+
; Analysis & Synthesis ; DESKTOP-3O7T0D1  ; Windows 10 ; 10.0       ; x86_64         ;
; Fitter               ; DESKTOP-3O7T0D1  ; Windows 10 ; 10.0       ; x86_64         ;
; Assembler            ; DESKTOP-3O7T0D1  ; Windows 10 ; 10.0       ; x86_64         ;
; Timing Analyzer      ; DESKTOP-3O7T0D1  ; Windows 10 ; 10.0       ; x86_64         ;
+----------------------+------------------+------------+------------+----------------+


------------
; Flow Log ;
------------
quartus_map --read_settings_files=on --write_settings_files=off lights -c lights
quartus_fit --read_settings_files=off --write_settings_files=off lights -c lights
quartus_asm --read_settings_files=off --write_settings_files=off lights -c lights
quartus_sta lights -c lights



